{"numFailedTestSuites":1,"numFailedTests":0,"numPassedTestSuites":0,"numPassedTests":0,"numPendingTestSuites":0,"numPendingTests":0,"numRuntimeErrorTestSuites":1,"numTodoTests":0,"numTotalTestSuites":1,"numTotalTests":0,"openHandles":[],"snapshot":{"added":0,"didUpdate":false,"failure":false,"filesAdded":0,"filesRemoved":0,"filesRemovedList":[],"filesUnmatched":0,"filesUpdated":0,"matched":0,"total":0,"unchecked":0,"uncheckedKeysByFile":[],"unmatched":0,"updated":0},"startTime":1774640000601,"success":false,"testResults":[{"assertionResults":[],"coverage":{},"endTime":1774640001292,"message":"  \u001b[1m● \u001b[22mTest suite failed to run\n\n    TypeError: Cannot read properties of undefined (reading 'database')\n\n    \u001b[0m \u001b[90m 39 |\u001b[39m\n     \u001b[90m 40 |\u001b[39m \u001b[36mconst\u001b[39m sequelize \u001b[33m=\u001b[39m \u001b[36mnew\u001b[39m \u001b[33mSequelize\u001b[39m(\n    \u001b[31m\u001b[1m>\u001b[22m\u001b[39m\u001b[90m 41 |\u001b[39m   config\u001b[33m.\u001b[39mdatabase\u001b[33m,\u001b[39m\n     \u001b[90m    |\u001b[39m          \u001b[31m\u001b[1m^\u001b[22m\u001b[39m\n     \u001b[90m 42 |\u001b[39m   config\u001b[33m.\u001b[39musername\u001b[33m,\u001b[39m\n     \u001b[90m 43 |\u001b[39m   config\u001b[33m.\u001b[39mpassword\u001b[33m,\u001b[39m\n     \u001b[90m 44 |\u001b[39m   {\u001b[0m\n\n      \u001b[2mat Object.database (\u001b[22msrc/config/db.config.js\u001b[2m:41:10)\u001b[22m\n      \u001b[2mat Object.require (\u001b[22m\u001b[0m\u001b[36msrc/__tests__/smoke.test.js\u001b[39m\u001b[0m\u001b[2m:4:19)\u001b[22m\n","name":"D:\\projects\\clinica-saas\\server\\src\\__tests__\\smoke.test.js","startTime":1774640001292,"status":"failed","summary":""}],"wasInterrupted":false}
